2026-06-13 20:11:57 [main] INFO  c.payflow.backend.BackendApplication - Starting BackendApplication using Java 17.0.19 with PID 63839 (/home/biruk-solomon/Downloads/backend/target/classes started by biruk-solomon in /home/biruk-solomon/Downloads/backend)
2026-06-13 20:11:57 [main] DEBUG c.payflow.backend.BackendApplication - Running with Spring Boot v3.2.0, Spring v6.1.1
2026-06-13 20:11:57 [main] INFO  c.payflow.backend.BackendApplication - No active profile set, falling back to 1 default profile: "default"
2026-06-13 20:12:01 [main] INFO  o.s.d.r.c.RepositoryConfigurationDelegate - Multiple Spring Data modules found, entering strict repository configuration mode
2026-06-13 20:12:01 [main] INFO  o.s.d.r.c.RepositoryConfigurationDelegate - Bootstrapping Spring Data JPA repositories in DEFAULT mode.
2026-06-13 20:12:01 [main] INFO  o.s.d.r.c.RepositoryConfigurationDelegate - Finished Spring Data repository scanning in 56 ms. Found 0 JPA repository interfaces.
2026-06-13 20:12:01 [main] INFO  o.s.d.r.c.RepositoryConfigurationDelegate - Multiple Spring Data modules found, entering strict repository configuration mode
2026-06-13 20:12:01 [main] INFO  o.s.d.r.c.RepositoryConfigurationDelegate - Bootstrapping Spring Data Redis repositories in DEFAULT mode.
2026-06-13 20:12:01 [main] INFO  o.s.d.r.c.RepositoryConfigurationDelegate - Finished Spring Data repository scanning in 10 ms. Found 0 Redis repository interfaces.
2026-06-13 20:12:03 [main] INFO  o.s.b.w.e.tomcat.TomcatWebServer - Tomcat initialized with port 8080 (http)
2026-06-13 20:12:03 [main] INFO  o.a.catalina.core.StandardService - Starting service [Tomcat]
2026-06-13 20:12:03 [main] INFO  o.a.catalina.core.StandardEngine - Starting Servlet engine: [Apache Tomcat/10.1.16]
2026-06-13 20:12:04 [main] INFO  o.a.c.c.C.[Tomcat].[localhost].[/] - Initializing Spring embedded WebApplicationContext
2026-06-13 20:12:04 [main] INFO  o.s.b.w.s.c.ServletWebServerApplicationContext - Root WebApplicationContext: initialization completed in 6783 ms
2026-06-13 20:12:04 [main] INFO  com.zaxxer.hikari.HikariDataSource - HikariPool-1 - Starting...
2026-06-13 20:12:06 [main] INFO  com.zaxxer.hikari.pool.HikariPool - HikariPool-1 - Added connection org.postgresql.jdbc.PgConnection@dd737ea
2026-06-13 20:12:06 [main] INFO  com.zaxxer.hikari.HikariDataSource - HikariPool-1 - Start completed.
2026-06-13 20:12:06 [main] INFO  o.f.c.i.license.VersionPrinter - Flyway Community Edition 9.22.3 by Redgate
2026-06-13 20:12:06 [main] INFO  o.f.c.i.license.VersionPrinter - See release notes here: https://rd.gt/416ObMi
2026-06-13 20:12:06 [main] INFO  o.f.c.i.license.VersionPrinter - 
2026-06-13 20:12:06 [main] INFO  org.flywaydb.core.FlywayExecutor - Database: jdbc:postgresql://localhost:5432/payflow (PostgreSQL 16.14)
2026-06-13 20:12:06 [main] WARN  o.f.c.i.database.base.Database - Flyway upgrade recommended: PostgreSQL 16.14 is newer than this version of Flyway and support has not been tested. The latest supported version of PostgreSQL is 15.
2026-06-13 20:12:06 [main] INFO  o.f.c.i.s.JdbcTableSchemaHistory - Schema history table "public"."flyway_schema_history" does not exist yet
2026-06-13 20:12:06 [main] INFO  o.f.core.internal.command.DbValidate - Successfully validated 0 migrations (execution time 00:00.063s)
2026-06-13 20:12:06 [main] WARN  o.f.core.internal.command.DbValidate - No migrations found. Are your locations set up correctly?
2026-06-13 20:12:06 [main] INFO  o.f.c.i.s.JdbcTableSchemaHistory - Creating Schema History table "public"."flyway_schema_history" ...
2026-06-13 20:12:06 [main] INFO  o.f.core.internal.command.DbMigrate - Current version of schema "public": << Empty Schema >>
2026-06-13 20:12:06 [main] INFO  o.f.core.internal.command.DbMigrate - Schema "public" is up to date. No migration necessary.
2026-06-13 20:12:07 [main] INFO  o.h.jpa.internal.util.LogHelper - HHH000204: Processing PersistenceUnitInfo [name: default]
2026-06-13 20:12:07 [main] INFO  org.hibernate.Version - HHH000412: Hibernate ORM core version 6.3.1.Final
2026-06-13 20:12:07 [main] INFO  o.h.c.i.RegionFactoryInitiator - HHH000026: Second-level cache disabled
2026-06-13 20:12:08 [main] INFO  o.s.o.j.p.SpringPersistenceUnitInfo - No LoadTimeWeaver setup: ignoring JPA class transformer
2026-06-13 20:12:08 [main] WARN  org.hibernate.orm.deprecation - HHH90000025: PostgreSQLDialect does not need to be specified explicitly using 'hibernate.dialect' (remove the property setting and it will be selected by default)
2026-06-13 20:12:09 [main] INFO  o.h.e.t.j.p.i.JtaPlatformInitiator - HHH000489: No JTA platform available (set 'hibernate.transaction.jta.platform' to enable JTA platform integration)
2026-06-13 20:12:09 [main] INFO  o.s.o.j.LocalContainerEntityManagerFactoryBean - Initialized JPA EntityManagerFactory for persistence unit 'default'
2026-06-13 20:12:09 [main] WARN  o.s.b.a.o.j.JpaBaseConfiguration$JpaWebConfiguration - spring.jpa.open-in-view is enabled by default. Therefore, database queries may be performed during view rendering. Explicitly configure spring.jpa.open-in-view to disable this warning
2026-06-13 20:12:09 [main] DEBUG o.s.w.s.m.m.a.RequestMappingHandlerMapping - 6 mappings in 'requestMappingHandlerMapping'
2026-06-13 20:12:09 [main] DEBUG o.s.w.s.h.SimpleUrlHandlerMapping - Patterns [/webjars/**, /**, /swagger-ui*/*swagger-initializer.js, /swagger-ui*/**] in 'resourceHandlerMapping'
2026-06-13 20:12:09 [main] DEBUG o.s.w.s.m.m.a.RequestMappingHandlerAdapter - ControllerAdvice beans: 0 @ModelAttribute, 0 @InitBinder, 1 RequestBodyAdvice, 1 ResponseBodyAdvice
2026-06-13 20:12:09 [main] DEBUG o.s.w.s.m.m.a.ExceptionHandlerExceptionResolver - ControllerAdvice beans: 1 @ExceptionHandler, 1 ResponseBodyAdvice
2026-06-13 20:12:11 [main] INFO  o.s.s.web.DefaultSecurityFilterChain - Will secure any request with [org.springframework.security.web.session.DisableEncodeUrlFilter@af04d6d, org.springframework.security.web.context.request.async.WebAsyncManagerIntegrationFilter@2740585b, org.springframework.security.web.context.SecurityContextHolderFilter@6f9e6a85, org.springframework.security.web.header.HeaderWriterFilter@f83616, org.springframework.web.filter.CorsFilter@3816efab, org.springframework.security.web.csrf.CsrfFilter@44ec6637, org.springframework.security.web.authentication.logout.LogoutFilter@6764201e, org.springframework.security.web.authentication.UsernamePasswordAuthenticationFilter@61c42e54, org.springframework.security.web.authentication.ui.DefaultLoginPageGeneratingFilter@7d31fb6c, org.springframework.security.web.authentication.ui.DefaultLogoutPageGeneratingFilter@2d6e09f0, org.springframework.security.web.authentication.www.BasicAuthenticationFilter@1d160161, org.springframework.security.web.savedrequest.RequestCacheAwareFilter@6a1b4854, org.springframework.security.web.servletapi.SecurityContextHolderAwareRequestFilter@6a175162, org.springframework.security.web.authentication.AnonymousAuthenticationFilter@257da215, org.springframework.security.web.access.ExceptionTranslationFilter@235d46b2, org.springframework.security.web.access.intercept.AuthorizationFilter@1415f18d]
2026-06-13 20:12:11 [main] WARN  o.s.b.w.s.c.AnnotationConfigServletWebServerApplicationContext - Exception encountered during context initialization - cancelling refresh attempt: org.springframework.context.ApplicationContextException: Failed to start bean 'webServerStartStop'
2026-06-13 20:12:11 [main] INFO  o.s.o.j.LocalContainerEntityManagerFactoryBean - Closing JPA EntityManagerFactory for persistence unit 'default'
2026-06-13 20:12:11 [main] INFO  com.zaxxer.hikari.HikariDataSource - HikariPool-1 - Shutdown initiated...
2026-06-13 20:12:11 [main] INFO  com.zaxxer.hikari.HikariDataSource - HikariPool-1 - Shutdown completed.
2026-06-13 20:12:11 [main] INFO  o.s.b.a.l.ConditionEvaluationReportLogger - 

Error starting ApplicationContext. To display the condition evaluation report re-run your application with 'debug' enabled.
2026-06-13 20:12:11 [main] ERROR o.s.b.d.LoggingFailureAnalysisReporter - 

***************************
APPLICATION FAILED TO START
***************************

Description:

Web server failed to start. Port 8080 was already in use.

Action:

Identify and stop the process that's listening on port 8080 or configure this application to listen on another port.

2026-06-13 20:13:07 [main] INFO  c.payflow.backend.BackendApplication - Starting BackendApplication using Java 17.0.19 with PID 64111 (/home/biruk-solomon/Downloads/backend/target/classes started by biruk-solomon in /home/biruk-solomon/Downloads/backend)
2026-06-13 20:13:07 [main] DEBUG c.payflow.backend.BackendApplication - Running with Spring Boot v3.2.0, Spring v6.1.1
2026-06-13 20:13:07 [main] INFO  c.payflow.backend.BackendApplication - No active profile set, falling back to 1 default profile: "default"
2026-06-13 20:13:09 [main] INFO  o.s.d.r.c.RepositoryConfigurationDelegate - Multiple Spring Data modules found, entering strict repository configuration mode
2026-06-13 20:13:09 [main] INFO  o.s.d.r.c.RepositoryConfigurationDelegate - Bootstrapping Spring Data JPA repositories in DEFAULT mode.
2026-06-13 20:13:09 [main] INFO  o.s.d.r.c.RepositoryConfigurationDelegate - Finished Spring Data repository scanning in 21 ms. Found 0 JPA repository interfaces.
2026-06-13 20:13:09 [main] INFO  o.s.d.r.c.RepositoryConfigurationDelegate - Multiple Spring Data modules found, entering strict repository configuration mode
2026-06-13 20:13:09 [main] INFO  o.s.d.r.c.RepositoryConfigurationDelegate - Bootstrapping Spring Data Redis repositories in DEFAULT mode.
2026-06-13 20:13:09 [main] INFO  o.s.d.r.c.RepositoryConfigurationDelegate - Finished Spring Data repository scanning in 3 ms. Found 0 Redis repository interfaces.
2026-06-13 20:13:10 [main] INFO  o.s.b.w.e.tomcat.TomcatWebServer - Tomcat initialized with port 8080 (http)
2026-06-13 20:13:10 [main] INFO  o.a.catalina.core.StandardService - Starting service [Tomcat]
2026-06-13 20:13:10 [main] INFO  o.a.catalina.core.StandardEngine - Starting Servlet engine: [Apache Tomcat/10.1.16]
2026-06-13 20:13:10 [main] INFO  o.a.c.c.C.[Tomcat].[localhost].[/] - Initializing Spring embedded WebApplicationContext
2026-06-13 20:13:10 [main] INFO  o.s.b.w.s.c.ServletWebServerApplicationContext - Root WebApplicationContext: initialization completed in 3352 ms
2026-06-13 20:13:10 [main] INFO  com.zaxxer.hikari.HikariDataSource - HikariPool-1 - Starting...
2026-06-13 20:13:11 [main] INFO  com.zaxxer.hikari.pool.HikariPool - HikariPool-1 - Added connection org.postgresql.jdbc.PgConnection@1068176
2026-06-13 20:13:11 [main] INFO  com.zaxxer.hikari.HikariDataSource - HikariPool-1 - Start completed.
2026-06-13 20:13:11 [main] INFO  o.f.c.i.license.VersionPrinter - Flyway Community Edition 9.22.3 by Redgate
2026-06-13 20:13:11 [main] INFO  o.f.c.i.license.VersionPrinter - See release notes here: https://rd.gt/416ObMi
2026-06-13 20:13:11 [main] INFO  o.f.c.i.license.VersionPrinter - 
2026-06-13 20:13:11 [main] INFO  org.flywaydb.core.FlywayExecutor - Database: jdbc:postgresql://localhost:5432/payflow (PostgreSQL 16.14)
2026-06-13 20:13:11 [main] WARN  o.f.c.i.database.base.Database - Flyway upgrade recommended: PostgreSQL 16.14 is newer than this version of Flyway and support has not been tested. The latest supported version of PostgreSQL is 15.
2026-06-13 20:13:11 [main] INFO  o.f.core.internal.command.DbValidate - Successfully validated 0 migrations (execution time 00:00.027s)
2026-06-13 20:13:11 [main] WARN  o.f.core.internal.command.DbValidate - No migrations found. Are your locations set up correctly?
2026-06-13 20:13:11 [main] INFO  o.f.core.internal.command.DbMigrate - Current version of schema "public": << Empty Schema >>
2026-06-13 20:13:11 [main] INFO  o.f.core.internal.command.DbMigrate - Schema "public" is up to date. No migration necessary.
2026-06-13 20:13:11 [main] INFO  o.h.jpa.internal.util.LogHelper - HHH000204: Processing PersistenceUnitInfo [name: default]
2026-06-13 20:13:11 [main] INFO  org.hibernate.Version - HHH000412: Hibernate ORM core version 6.3.1.Final
2026-06-13 20:13:11 [main] INFO  o.h.c.i.RegionFactoryInitiator - HHH000026: Second-level cache disabled
2026-06-13 20:13:12 [main] INFO  o.s.o.j.p.SpringPersistenceUnitInfo - No LoadTimeWeaver setup: ignoring JPA class transformer
2026-06-13 20:13:12 [main] WARN  org.hibernate.orm.deprecation - HHH90000025: PostgreSQLDialect does not need to be specified explicitly using 'hibernate.dialect' (remove the property setting and it will be selected by default)
2026-06-13 20:13:12 [main] INFO  o.h.e.t.j.p.i.JtaPlatformInitiator - HHH000489: No JTA platform available (set 'hibernate.transaction.jta.platform' to enable JTA platform integration)
2026-06-13 20:13:12 [main] INFO  o.s.o.j.LocalContainerEntityManagerFactoryBean - Initialized JPA EntityManagerFactory for persistence unit 'default'
2026-06-13 20:13:12 [main] WARN  o.s.b.a.o.j.JpaBaseConfiguration$JpaWebConfiguration - spring.jpa.open-in-view is enabled by default. Therefore, database queries may be performed during view rendering. Explicitly configure spring.jpa.open-in-view to disable this warning
2026-06-13 20:13:13 [main] DEBUG o.s.w.s.m.m.a.RequestMappingHandlerMapping - 6 mappings in 'requestMappingHandlerMapping'
2026-06-13 20:13:13 [main] DEBUG o.s.w.s.h.SimpleUrlHandlerMapping - Patterns [/webjars/**, /**, /swagger-ui*/*swagger-initializer.js, /swagger-ui*/**] in 'resourceHandlerMapping'
2026-06-13 20:13:13 [main] DEBUG o.s.w.s.m.m.a.RequestMappingHandlerAdapter - ControllerAdvice beans: 0 @ModelAttribute, 0 @InitBinder, 1 RequestBodyAdvice, 1 ResponseBodyAdvice
2026-06-13 20:13:13 [main] DEBUG o.s.w.s.m.m.a.ExceptionHandlerExceptionResolver - ControllerAdvice beans: 1 @ExceptionHandler, 1 ResponseBodyAdvice
2026-06-13 20:13:14 [main] INFO  o.s.s.web.DefaultSecurityFilterChain - Will secure any request with [org.springframework.security.web.session.DisableEncodeUrlFilter@5cef5fc9, org.springframework.security.web.context.request.async.WebAsyncManagerIntegrationFilter@b867869, org.springframework.security.web.context.SecurityContextHolderFilter@6bed434d, org.springframework.security.web.header.HeaderWriterFilter@47f8374, org.springframework.web.filter.CorsFilter@7b6b8cea, org.springframework.security.web.csrf.CsrfFilter@5b58f639, org.springframework.security.web.authentication.logout.LogoutFilter@3305897c, org.springframework.security.web.authentication.UsernamePasswordAuthenticationFilter@706c2726, org.springframework.security.web.authentication.ui.DefaultLoginPageGeneratingFilter@3ba50851, org.springframework.security.web.authentication.ui.DefaultLogoutPageGeneratingFilter@73158d35, org.springframework.security.web.authentication.www.BasicAuthenticationFilter@28effa3f, org.springframework.security.web.savedrequest.RequestCacheAwareFilter@76ffd052, org.springframework.security.web.servletapi.SecurityContextHolderAwareRequestFilter@1ebb36df, org.springframework.security.web.authentication.AnonymousAuthenticationFilter@55a29589, org.springframework.security.web.access.ExceptionTranslationFilter@2ae07dbd, org.springframework.security.web.access.intercept.AuthorizationFilter@ab5dde4]
2026-06-13 20:13:14 [main] INFO  o.s.b.w.e.tomcat.TomcatWebServer - Tomcat started on port 8080 (http) with context path ''
2026-06-13 20:13:14 [main] INFO  c.payflow.backend.BackendApplication - Started BackendApplication in 8.771 seconds (process running for 10.539)
